<?xml version="1.0" encoding="UTF-8"?>
<testsuite xmlns:xsi="http://www.w3.org/2001/XMLSchema-instance" xsi:noNamespaceSchemaLocation="https://maven.apache.org/surefire/maven-surefire-plugin/xsd/surefire-test-report-3.0.xsd" version="3.0" name="components.core.DeckOfCardsTest" time="0.006" tests="7" errors="0" skipped="0" failures="0">
  <properties>
    <property name="java.specification.version" value="21"/>
    <property name="sun.jnu.encoding" value="UTF-8"/>
    <property name="java.class.path" value="/home/ingrid/Documents/V25/Prog 2/oeving5/cardGame/target/test-classes:/home/ingrid/Documents/V25/Prog 2/oeving5/cardGame/target/classes:/home/ingrid/.m2/repository/org/junit/jupiter/junit-jupiter-engine/5.10.2/junit-jupiter-engine-5.10.2.jar:/home/ingrid/.m2/repository/org/junit/platform/junit-platform-engine/1.10.2/junit-platform-engine-1.10.2.jar:/home/ingrid/.m2/repository/org/opentest4j/opentest4j/1.3.0/opentest4j-1.3.0.jar:/home/ingrid/.m2/repository/org/junit/platform/junit-platform-commons/1.10.2/junit-platform-commons-1.10.2.jar:/home/ingrid/.m2/repository/org/junit/jupiter/junit-jupiter-api/5.10.2/junit-jupiter-api-5.10.2.jar:/home/ingrid/.m2/repository/org/apiguardian/apiguardian-api/1.1.2/apiguardian-api-1.1.2.jar:/home/ingrid/.m2/repository/org/openjfx/javafx-controls/17.0.2/javafx-controls-17.0.2.jar:/home/ingrid/.m2/repository/org/openjfx/javafx-controls/17.0.2/javafx-controls-17.0.2-linux.jar:/home/ingrid/.m2/repository/org/openjfx/javafx-graphics/17.0.2/javafx-graphics-17.0.2.jar:/home/ingrid/.m2/repository/org/openjfx/javafx-graphics/17.0.2/javafx-graphics-17.0.2-linux.jar:/home/ingrid/.m2/repository/org/openjfx/javafx-base/17.0.2/javafx-base-17.0.2.jar:/home/ingrid/.m2/repository/org/openjfx/javafx-base/17.0.2/javafx-base-17.0.2-linux.jar:"/>
    <property name="java.vm.vendor" value="Ubuntu"/>
    <property name="sun.arch.data.model" value="64"/>
    <property name="java.vendor.url" value="https://ubuntu.com/"/>
    <property name="os.name" value="Linux"/>
    <property name="java.vm.specification.version" value="21"/>
    <property name="sun.java.launcher" value="SUN_STANDARD"/>
    <property name="user.country" value="US"/>
    <property name="sun.boot.library.path" value="/usr/lib/jvm/java-21-openjdk-amd64/lib"/>
    <property name="sun.java.command" value="/home/ingrid/Documents/V25/Prog 2/oeving5/cardGame/target/surefire/surefirebooter-20250329133028001_3.jar /home/ingrid/Documents/V25/Prog 2/oeving5/cardGame/target/surefire 2025-03-29T13-30-27_946-jvmRun1 surefire-20250329133028001_1tmp surefire_0-20250329133028001_2tmp"/>
    <property name="jdk.debug" value="release"/>
    <property name="surefire.test.class.path" value="/home/ingrid/Documents/V25/Prog 2/oeving5/cardGame/target/test-classes:/home/ingrid/Documents/V25/Prog 2/oeving5/cardGame/target/classes:/home/ingrid/.m2/repository/org/junit/jupiter/junit-jupiter-engine/5.10.2/junit-jupiter-engine-5.10.2.jar:/home/ingrid/.m2/repository/org/junit/platform/junit-platform-engine/1.10.2/junit-platform-engine-1.10.2.jar:/home/ingrid/.m2/repository/org/opentest4j/opentest4j/1.3.0/opentest4j-1.3.0.jar:/home/ingrid/.m2/repository/org/junit/platform/junit-platform-commons/1.10.2/junit-platform-commons-1.10.2.jar:/home/ingrid/.m2/repository/org/junit/jupiter/junit-jupiter-api/5.10.2/junit-jupiter-api-5.10.2.jar:/home/ingrid/.m2/repository/org/apiguardian/apiguardian-api/1.1.2/apiguardian-api-1.1.2.jar:/home/ingrid/.m2/repository/org/openjfx/javafx-controls/17.0.2/javafx-controls-17.0.2.jar:/home/ingrid/.m2/repository/org/openjfx/javafx-controls/17.0.2/javafx-controls-17.0.2-linux.jar:/home/ingrid/.m2/repository/org/openjfx/javafx-graphics/17.0.2/javafx-graphics-17.0.2.jar:/home/ingrid/.m2/repository/org/openjfx/javafx-graphics/17.0.2/javafx-graphics-17.0.2-linux.jar:/home/ingrid/.m2/repository/org/openjfx/javafx-base/17.0.2/javafx-base-17.0.2.jar:/home/ingrid/.m2/repository/org/openjfx/javafx-base/17.0.2/javafx-base-17.0.2-linux.jar:"/>
    <property name="sun.cpu.endian" value="little"/>
    <property name="user.home" value="/home/ingrid"/>
    <property name="user.language" value="en"/>
    <property name="java.specification.vendor" value="Oracle Corporation"/>
    <property name="java.version.date" value="2025-01-21"/>
    <property name="java.home" value="/usr/lib/jvm/java-21-openjdk-amd64"/>
    <property name="file.separator" value="/"/>
    <property name="basedir" value="/home/ingrid/Documents/V25/Prog 2/oeving5/cardGame"/>
    <property name="java.vm.compressedOopsMode" value="Zero based"/>
    <property name="line.separator" value="&#10;"/>
    <property name="java.specification.name" value="Java Platform API Specification"/>
    <property name="java.vm.specification.vendor" value="Oracle Corporation"/>
    <property name="surefire.real.class.path" value="/home/ingrid/Documents/V25/Prog 2/oeving5/cardGame/target/surefire/surefirebooter-20250329133028001_3.jar"/>
    <property name="sun.management.compiler" value="HotSpot 64-Bit Tiered Compilers"/>
    <property name="java.runtime.version" value="21.0.6+7-Ubuntu-122.04.1"/>
    <property name="user.name" value="ingrid"/>
    <property name="stdout.encoding" value="UTF-8"/>
    <property name="path.separator" value=":"/>
    <property name="os.version" value="6.8.0-52-generic"/>
    <property name="java.runtime.name" value="OpenJDK Runtime Environment"/>
    <property name="file.encoding" value="UTF-8"/>
    <property name="java.vm.name" value="OpenJDK 64-Bit Server VM"/>
    <property name="localRepository" value="/home/ingrid/.m2/repository"/>
    <property name="java.vendor.url.bug" value="https://bugs.launchpad.net/ubuntu/+source/openjdk-21"/>
    <property name="java.io.tmpdir" value="/tmp"/>
    <property name="java.version" value="21.0.6"/>
    <property name="user.dir" value="/home/ingrid/Documents/V25/Prog 2/oeving5/cardGame"/>
    <property name="os.arch" value="amd64"/>
    <property name="java.vm.specification.name" value="Java Virtual Machine Specification"/>
    <property name="native.encoding" value="UTF-8"/>
    <property name="java.library.path" value="/usr/java/packages/lib:/usr/lib/x86_64-linux-gnu/jni:/lib/x86_64-linux-gnu:/usr/lib/x86_64-linux-gnu:/usr/lib/jni:/lib:/usr/lib"/>
    <property name="java.vm.info" value="mixed mode, sharing"/>
    <property name="stderr.encoding" value="UTF-8"/>
    <property name="java.vendor" value="Ubuntu"/>
    <property name="java.vm.version" value="21.0.6+7-Ubuntu-122.04.1"/>
    <property name="sun.io.unicode.encoding" value="UnicodeLittle"/>
    <property name="java.class.version" value="65.0"/>
  </properties>
  <testcase name="dealHandReducesDeckSize" classname="components.core.DeckOfCardsTest" time="0.001"/>
  <testcase name="removeCardReducesDeckSize" classname="components.core.DeckOfCardsTest" time="0.001"/>
  <testcase name="deckInitializationCreates52Cards" classname="components.core.DeckOfCardsTest" time="0.001"/>
  <testcase name="getCardFromIndexReturnsCorrectCard" classname="components.core.DeckOfCardsTest" time="0.0"/>
  <testcase name="dealHandReturnsCorrectNumberOfCards" classname="components.core.DeckOfCardsTest" time="0.0"/>
  <testcase name="initializeDeckResetsTo52Cards" classname="components.core.DeckOfCardsTest" time="0.001"/>
  <testcase name="getCardsAsStringReturnsCorrectFormat" classname="components.core.DeckOfCardsTest" time="0.001"/>
</testsuite>